[01m[K/workspace/left_cam_acq/mur_stereo_acq_left/src/mur_stereo_basler/src/main.cpp:[m[K In function '[01m[Kint main(int, char**)[m[K':
[01m[K/workspace/left_cam_acq/mur_stereo_acq_left/src/mur_stereo_basler/src/main.cpp:134:26:[m[K [01;31m[Kerror: [m[K'[01m[Kstoi[m[K' was not declared in this scope
       int lightSetting = [01;31m[Kstoi[m[K(argv[1]);
                          [01;31m[K^~~~[m[K
[01m[K/workspace/left_cam_acq/mur_stereo_acq_left/src/mur_stereo_basler/src/main.cpp:134:26:[m[K [01;36m[Knote: [m[Ksuggested alternatives:
In file included from [01m[K/usr/include/c++/7/string:52:0[m[K,
                 from [01m[K/usr/include/c++/7/bits/locale_classes.h:40[m[K,
                 from [01m[K/usr/include/c++/7/bits/ios_base.h:41[m[K,
                 from [01m[K/usr/include/c++/7/ios:42[m[K,
                 from [01m[K/usr/include/c++/7/ostream:38[m[K,
                 from [01m[K/usr/include/c++/7/iostream:39[m[K,
                 from [01m[K/opt/ros/melodic/include/ros/duration.h:49[m[K,
                 from [01m[K/workspace/left_cam_acq/mur_stereo_acq_left/src/mur_stereo_basler/src/main.cpp:27[m[K:
[01m[K/usr/include/c++/7/bits/basic_string.h:6477:3:[m[K [01;36m[Knote: [m[K  '[01m[Kstd::__cxx11::stoi[m[K'
   [01;36m[Kstoi[m[K(const wstring& __str, size_t* __idx = 0, int __base = 10)
   [01;36m[K^~~~[m[K
[01m[K/usr/include/c++/7/bits/basic_string.h:6477:3:[m[K [01;36m[Knote: [m[K  '[01m[Kstd::__cxx11::stoi[m[K'
[01m[K/workspace/left_cam_acq/mur_stereo_acq_left/src/mur_stereo_basler/src/main.cpp:151:39:[m[K [01;31m[Kerror: [m[K'[01m[KlightSetting[m[K' was not declared in this scope
         camera1->setup(CAMARA_NAME_L, [01;31m[KlightSetting[m[K, exposureTimeSetting, tempRead);
                                       [01;31m[K^~~~~~~~~~~~[m[K
[01m[K/workspace/left_cam_acq/mur_stereo_acq_left/src/mur_stereo_basler/src/main.cpp:151:39:[m[K [01;36m[Knote: [m[Ksuggested alternative: '[01m[Ksigpending[m[K'
         camera1->setup(CAMARA_NAME_L, [01;36m[KlightSetting[m[K, exposureTimeSetting, tempRead);
                                       [01;36m[K^~~~~~~~~~~~[m[K
                                       [32m[Ksigpending[m[K
[01m[K/workspace/left_cam_acq/mur_stereo_acq_left/src/mur_stereo_basler/src/main.cpp:151:53:[m[K [01;31m[Kerror: [m[K'[01m[KexposureTimeSetting[m[K' was not declared in this scope
         camera1->setup(CAMARA_NAME_L, lightSetting, [01;31m[KexposureTimeSetting[m[K, tempRead);
                                                     [01;31m[K^~~~~~~~~~~~~~~~~~~[m[K
[01m[K/workspace/left_cam_acq/mur_stereo_acq_left/src/mur_stereo_basler/src/main.cpp:151:74:[m[K [01;31m[Kerror: [m[K'[01m[KtempRead[m[K' was not declared in this scope
         camera1->setup(CAMARA_NAME_L, lightSetting, exposureTimeSetting, [01;31m[KtempRead[m[K);
                                                                          [01;31m[K^~~~~~~~[m[K
[01m[K/workspace/left_cam_acq/mur_stereo_acq_left/src/mur_stereo_basler/src/main.cpp:151:74:[m[K [01;36m[Knote: [m[Ksuggested alternative: '[01m[Ktempnam[m[K'
         camera1->setup(CAMARA_NAME_L, lightSetting, exposureTimeSetting, [01;36m[KtempRead[m[K);
                                                                          [01;36m[K^~~~~~~~[m[K
                                                                          [32m[Ktempnam[m[K
make[2]: *** [CMakeFiles/mur_left_image_acq.dir/src/main.cpp.o] Error 1
make[1]: *** [CMakeFiles/mur_left_image_acq.dir/all] Error 2
make: *** [all] Error 2
