[01m[K/workspace/left_cam_acq/mur_stereo_acq_left/src/mur_stereo_basler/src/main.cpp:[m[K In function '[01m[Kint main(int, char**)[m[K':
[01m[K/workspace/left_cam_acq/mur_stereo_acq_left/src/mur_stereo_basler/src/main.cpp:151:39:[m[K [01;31m[Kerror: [m[K'[01m[KlightSetting[m[K' was not declared in this scope
         camera1->setup(CAMARA_NAME_L, [01;31m[KlightSetting[m[K, exposureTimeSetting, tempRead);
                                       [01;31m[K^~~~~~~~~~~~[m[K
[01m[K/workspace/left_cam_acq/mur_stereo_acq_left/src/mur_stereo_basler/src/main.cpp:151:39:[m[K [01;36m[Knote: [m[Ksuggested alternative: '[01m[Ksigpending[m[K'
         camera1->setup(CAMARA_NAME_L, [01;36m[KlightSetting[m[K, exposureTimeSetting, tempRead);
                                       [01;36m[K^~~~~~~~~~~~[m[K
                                       [32m[Ksigpending[m[K
[01m[K/workspace/left_cam_acq/mur_stereo_acq_left/src/mur_stereo_basler/src/main.cpp:151:53:[m[K [01;31m[Kerror: [m[K'[01m[KexposureTimeSetting[m[K' was not declared in this scope
         camera1->setup(CAMARA_NAME_L, lightSetting, [01;31m[KexposureTimeSetting[m[K, tempRead);
                                                     [01;31m[K^~~~~~~~~~~~~~~~~~~[m[K
[01m[K/workspace/left_cam_acq/mur_stereo_acq_left/src/mur_stereo_basler/src/main.cpp:151:74:[m[K [01;31m[Kerror: [m[K'[01m[KtempRead[m[K' was not declared in this scope
         camera1->setup(CAMARA_NAME_L, lightSetting, exposureTimeSetting, [01;31m[KtempRead[m[K);
                                                                          [01;31m[K^~~~~~~~[m[K
[01m[K/workspace/left_cam_acq/mur_stereo_acq_left/src/mur_stereo_basler/src/main.cpp:151:74:[m[K [01;36m[Knote: [m[Ksuggested alternative: '[01m[Ktempnam[m[K'
         camera1->setup(CAMARA_NAME_L, lightSetting, exposureTimeSetting, [01;36m[KtempRead[m[K);
                                                                          [01;36m[K^~~~~~~~[m[K
                                                                          [32m[Ktempnam[m[K
make[2]: *** [CMakeFiles/mur_left_image_acq.dir/src/main.cpp.o] Error 1
make[1]: *** [CMakeFiles/mur_left_image_acq.dir/all] Error 2
make: *** [all] Error 2
